<?xml version="1.0" encoding="UTF-8"?>
<testsuite xmlns:xsi="http://www.w3.org/2001/XMLSchema-instance" xsi:noNamespaceSchemaLocation="https://maven.apache.org/surefire/maven-surefire-plugin/xsd/surefire-test-report-3.0.xsd" version="3.0" name="com.yummly.web.WebApplicationTests" time="9.433" tests="1" errors="0" skipped="0" failures="0">
  <properties>
[...]
</properties>
  <testcase name="contextLoads" classname="com.yummly.web.WebApplicationTests" time="0.605">
    <system-out><![CDATA[17:05:04.706 [main] INFO org.springframework.test.context.support.AnnotationConfigContextLoaderUtils -- Could not detect default configuration classes for test class [com.yummly.web.WebApplicationTests]: WebApplicationTests does not declare any static, non-private, non-final, nested classes annotated with @Configuration.
17:05:04.829 [main] INFO org.springframework.boot.test.context.SpringBootTestContextBootstrapper -- Found @SpringBootConfiguration com.yummly.web.WebApplication for test class com.yummly.web.WebApplicationTests

  .   ____          _            __ _ _
 /\\ / ___'_ __ _ _(_)_ __  __ _ \ \ \ \
( ( )\___ | '_ | '_| | '_ \/ _` | \ \ \ \
 \\/  ___)| |_)| | | | | || (_| |  ) ) ) )
  '  |____| .__|_| |_|_| |_\__, | / / / /
 =========|_|==============|___/=/_/_/_/
 :: Spring Boot ::                (v3.2.0)

2025-05-06T17:05:05.235+05:30  INFO 11356 --- [           main] com.yummly.web.WebApplicationTests       : Starting WebApplicationTests using Java 21.0.2 with PID 11356 (started by lasit in C:\Users\lasit\OneDrive\Documents\IDEs\VS Code\Paff-Yummly-App\backend)
2025-05-06T17:05:05.235+05:30 DEBUG 11356 --- [           main] com.yummly.web.WebApplicationTests       : Running with Spring Boot v3.2.0, Spring v6.1.1
2025-05-06T17:05:05.235+05:30  INFO 11356 --- [           main] com.yummly.web.WebApplicationTests       : The following 1 profile is active: "test"
2025-05-06T17:05:07.332+05:30  INFO 11356 --- [           main] o.hibernate.jpa.internal.util.LogHelper  : HHH000204: Processing PersistenceUnitInfo [name: default]
2025-05-06T17:05:07.397+05:30  INFO 11356 --- [           main] org.hibernate.Version                    : HHH000412: Hibernate ORM core version 6.3.1.Final
2025-05-06T17:05:07.467+05:30  INFO 11356 --- [           main] o.h.c.internal.RegionFactoryInitiator    : HHH000026: Second-level cache disabled
2025-05-06T17:05:07.802+05:30  INFO 11356 --- [           main] com.zaxxer.hikari.HikariDataSource       : HikariPool-1 - Starting...
2025-05-06T17:05:07.952+05:30  INFO 11356 --- [           main] com.zaxxer.hikari.pool.HikariPool        : HikariPool-1 - Added connection conn0: url=jdbc:h2:mem:testdb user=SA
2025-05-06T17:05:07.952+05:30  INFO 11356 --- [           main] com.zaxxer.hikari.HikariDataSource       : HikariPool-1 - Start completed.
2025-05-06T17:05:07.962+05:30  WARN 11356 --- [           main] org.hibernate.orm.deprecation            : HHH90000025: H2Dialect does not need to be specified explicitly using 'hibernate.dialect' (remove the property setting and it will be selected by default)
2025-05-06T17:05:08.902+05:30  INFO 11356 --- [           main] o.h.e.t.j.p.i.JtaPlatformInitiator       : HHH000489: No JTA platform available (set 'hibernate.transaction.jta.platform' to enable JTA platform integration)
2025-05-06T17:05:08.931+05:30 DEBUG 11356 --- [           main] org.hibernate.SQL                        : 
    drop table if exists "Comment" cascade 
Hibernate: 
    drop table if exists "Comment" cascade 
2025-05-06T17:05:08.934+05:30 DEBUG 11356 --- [           main] org.hibernate.SQL                        : 
    drop table if exists "User" cascade 
Hibernate: 
    drop table if exists "User" cascade 
2025-05-06T17:05:08.934+05:30 DEBUG 11356 --- [           main] org.hibernate.SQL                        : 
    drop table if exists "community_groups" cascade 
Hibernate: 
    drop table if exists "community_groups" cascade 
2025-05-06T17:05:08.934+05:30 DEBUG 11356 --- [           main] org.hibernate.SQL                        : 
    drop table if exists "group_comments" cascade 
Hibernate: 
    drop table if exists "group_comments" cascade 
2025-05-06T17:05:08.934+05:30 DEBUG 11356 --- [           main] org.hibernate.SQL                        : 
    drop table if exists "group_discussions" cascade 
Hibernate: 
    drop table if exists "group_discussions" cascade 
2025-05-06T17:05:08.934+05:30 DEBUG 11356 --- [           main] org.hibernate.SQL                        : 
    drop table if exists "group_memberships" cascade 
Hibernate: 
    drop table if exists "group_memberships" cascade 
2025-05-06T17:05:08.934+05:30 DEBUG 11356 --- [           main] org.hibernate.SQL                        : 
    drop table if exists "likes" cascade 
Hibernate: 
    drop table if exists "likes" cascade 
2025-05-06T17:05:08.934+05:30 DEBUG 11356 --- [           main] org.hibernate.SQL                        : 
    drop table if exists "posts" cascade 
Hibernate: 
    drop table if exists "posts" cascade 
2025-05-06T17:05:08.934+05:30 DEBUG 11356 --- [           main] org.hibernate.SQL                        : 
    create table "Comment" (
        "createdAt" timestamp(6),
        "id" bigint generated by default as identity,
        "post_id" bigint not null,
        "user_id" bigint not null,
        "content" varchar(255),
        primary key ("id")
    )
Hibernate: 
    create table "Comment" (
        "createdAt" timestamp(6),
        "id" bigint generated by default as identity,
        "post_id" bigint not null,
        "user_id" bigint not null,
        "content" varchar(255),
        primary key ("id")
    )
2025-05-06T17:05:08.934+05:30 DEBUG 11356 --- [           main] org.hibernate.SQL                        : 
    create table "User" (
        "id" bigint not null,
        "email" varchar(255),
        "name" varchar(255),
        "password" varchar(255),
        primary key ("id")
    )
Hibernate: 
    create table "User" (
        "id" bigint not null,
        "email" varchar(255),
        "name" varchar(255),
        "password" varchar(255),
        primary key ("id")
    )
2025-05-06T17:05:08.950+05:30 DEBUG 11356 --- [           main] org.hibernate.SQL                        : 
    create table "community_groups" (
        "admin_id" bigint not null,
        "created_at" timestamp(6),
        "id" bigint generated by default as identity,
        "cuisineType" varchar(255) not null,
        "description" varchar(255),
        "name" varchar(255) not null,
        primary key ("id")
    )
Hibernate: 
    create table "community_groups" (
        "admin_id" bigint not null,
        "created_at" timestamp(6),
        "id" bigint generated by default as identity,
        "cuisineType" varchar(255) not null,
        "description" varchar(255),
        "name" varchar(255) not null,
        primary key ("id")
    )
2025-05-06T17:05:08.951+05:30 DEBUG 11356 --- [           main] org.hibernate.SQL                        : 
    create table "group_comments" (
        "created_at" timestamp(6),
        "discussion_id" bigint not null,
        "id" bigint generated by default as identity,
        "user_id" bigint not null,
        "content" varchar(10000) not null,
        primary key ("id")
    )
Hibernate: 
    create table "group_comments" (
        "created_at" timestamp(6),
        "discussion_id" bigint not null,
        "id" bigint generated by default as identity,
        "user_id" bigint not null,
        "content" varchar(10000) not null,
        primary key ("id")
    )
2025-05-06T17:05:08.952+05:30 DEBUG 11356 --- [           main] org.hibernate.SQL                        : 
    create table "group_discussions" (
        "created_at" timestamp(6),
        "group_id" bigint not null,
        "id" bigint generated by default as identity,
        "user_id" bigint not null,
        "content" varchar(10000) not null,
        "title" varchar(255) not null,
        primary key ("id")
    )
Hibernate: 
    create table "group_discussions" (
        "created_at" timestamp(6),
        "group_id" bigint not null,
        "id" bigint generated by default as identity,
        "user_id" bigint not null,
        "content" varchar(10000) not null,
        "title" varchar(255) not null,
        primary key ("id")
    )
2025-05-06T17:05:08.952+05:30 DEBUG 11356 --- [           main] org.hibernate.SQL                        : 
    create table "group_memberships" (
        "is_moderator" boolean,
        "group_id" bigint not null,
        "id" bigint generated by default as identity,
        "joined_at" timestamp(6),
        "user_id" bigint not null,
        primary key ("id")
    )
Hibernate: 
    create table "group_memberships" (
        "is_moderator" boolean,
        "group_id" bigint not null,
        "id" bigint generated by default as identity,
        "joined_at" timestamp(6),
        "user_id" bigint not null,
        primary key ("id")
    )
2025-05-06T17:05:08.956+05:30 DEBUG 11356 --- [           main] org.hibernate.SQL                        : 
    create table "likes" (
        "id" bigint generated by default as identity,
        "post_id" bigint not null,
        "user_id" bigint not null,
        primary key ("id"),
        unique ("post_id", "user_id")
    )
Hibernate: 
    create table "likes" (
        "id" bigint generated by default as identity,
        "post_id" bigint not null,
        "user_id" bigint not null,
        primary key ("id"),
        unique ("post_id", "user_id")
    )
2025-05-06T17:05:08.956+05:30 DEBUG 11356 --- [           main] org.hibernate.SQL                        : 
    create table "posts" (
        "id" bigint generated by default as identity,
        "user_id" bigint,
        "description" varchar(255),
        "image" varchar(255),
        "title" varchar(255),
        "video" varchar(255),
        primary key ("id")
    )
Hibernate: 
    create table "posts" (
        "id" bigint generated by default as identity,
        "user_id" bigint,
        "description" varchar(255),
        "image" varchar(255),
        "title" varchar(255),
        "video" varchar(255),
        primary key ("id")
    )
2025-05-06T17:05:08.956+05:30 DEBUG 11356 --- [           main] org.hibernate.SQL                        : 
    alter table if exists "Comment" 
       add constraint "FKnfqn8dyi8i6e8pbq4efnl75tm" 
       foreign key ("post_id") 
       references "posts"
Hibernate: 
    alter table if exists "Comment" 
       add constraint "FKnfqn8dyi8i6e8pbq4efnl75tm" 
       foreign key ("post_id") 
       references "posts"
2025-05-06T17:05:08.956+05:30 DEBUG 11356 --- [           main] org.hibernate.SQL                        : 
    alter table if exists "Comment" 
       add constraint "FKkf1pjmbmty20wa12ub4lb9ao" 
       foreign key ("user_id") 
       references "User"
Hibernate: 
    alter table if exists "Comment" 
       add constraint "FKkf1pjmbmty20wa12ub4lb9ao" 
       foreign key ("user_id") 
       references "User"
2025-05-06T17:05:08.956+05:30 DEBUG 11356 --- [           main] org.hibernate.SQL                        : 
    alter table if exists "community_groups" 
       add constraint "FK3jde5x77hsy29enlhw0qqm1o4" 
       foreign key ("admin_id") 
       references "User"
Hibernate: 
    alter table if exists "community_groups" 
       add constraint "FK3jde5x77hsy29enlhw0qqm1o4" 
       foreign key ("admin_id") 
       references "User"
2025-05-06T17:05:08.956+05:30 DEBUG 11356 --- [           main] org.hibernate.SQL                        : 
    alter table if exists "group_comments" 
       add constraint "FK2d74268w0rkxs9iad4kx0c301" 
       foreign key ("discussion_id") 
       references "group_discussions"
Hibernate: 
    alter table if exists "group_comments" 
       add constraint "FK2d74268w0rkxs9iad4kx0c301" 
       foreign key ("discussion_id") 
       references "group_discussions"
2025-05-06T17:05:08.956+05:30 DEBUG 11356 --- [           main] org.hibernate.SQL                        : 
    alter table if exists "group_comments" 
       add constraint "FK3b7oiqslerqlfnnbwu4g0uoko" 
       foreign key ("user_id") 
       references "User"
Hibernate: 
    alter table if exists "group_comments" 
       add constraint "FK3b7oiqslerqlfnnbwu4g0uoko" 
       foreign key ("user_id") 
       references "User"
2025-05-06T17:05:08.956+05:30 DEBUG 11356 --- [           main] org.hibernate.SQL                        : 
    alter table if exists "group_discussions" 
       add constraint "FK97eennn9jkjujlj2k73f0ppyc" 
       foreign key ("group_id") 
       references "community_groups"
Hibernate: 
    alter table if exists "group_discussions" 
       add constraint "FK97eennn9jkjujlj2k73f0ppyc" 
       foreign key ("group_id") 
       references "community_groups"
2025-05-06T17:05:08.956+05:30 DEBUG 11356 --- [           main] org.hibernate.SQL                        : 
    alter table if exists "group_discussions" 
       add constraint "FKge2ndrux9safrs06kt5tw698y" 
       foreign key ("user_id") 
       references "User"
Hibernate: 
    alter table if exists "group_discussions" 
       add constraint "FKge2ndrux9safrs06kt5tw698y" 
       foreign key ("user_id") 
       references "User"
2025-05-06T17:05:08.974+05:30 DEBUG 11356 --- [           main] org.hibernate.SQL                        : 
    alter table if exists "group_memberships" 
       add constraint "FK9hjs94tmqld6ur10qkb1qnop5" 
       foreign key ("group_id") 
       references "community_groups"
Hibernate: 
    alter table if exists "group_memberships" 
       add constraint "FK9hjs94tmqld6ur10qkb1qnop5" 
       foreign key ("group_id") 
       references "community_groups"
2025-05-06T17:05:08.974+05:30 DEBUG 11356 --- [           main] org.hibernate.SQL                        : 
    alter table if exists "group_memberships" 
       add constraint "FKh9i9v00fwe3fggm9udb9vl0yf" 
       foreign key ("user_id") 
       references "User"
Hibernate: 
    alter table if exists "group_memberships" 
       add constraint "FKh9i9v00fwe3fggm9udb9vl0yf" 
       foreign key ("user_id") 
       references "User"
2025-05-06T17:05:08.974+05:30 DEBUG 11356 --- [           main] org.hibernate.SQL                        : 
    alter table if exists "likes" 
       add constraint "FK249hca1r3htfhptpkgeyqgn23" 
       foreign key ("post_id") 
       references "posts"
Hibernate: 
    alter table if exists "likes" 
       add constraint "FK249hca1r3htfhptpkgeyqgn23" 
       foreign key ("post_id") 
       references "posts"
2025-05-06T17:05:08.974+05:30 DEBUG 11356 --- [           main] org.hibernate.SQL                        : 
    alter table if exists "likes" 
       add constraint "FKbf38l9r5sss3qc8jfrxeavx5m" 
       foreign key ("user_id") 
       references "User"
Hibernate: 
    alter table if exists "likes" 
       add constraint "FKbf38l9r5sss3qc8jfrxeavx5m" 
       foreign key ("user_id") 
       references "User"
2025-05-06T17:05:08.974+05:30 DEBUG 11356 --- [           main] org.hibernate.SQL                        : 
    alter table if exists "posts" 
       add constraint "FK6mfa8srjbxg5o07iky7kta1vi" 
       foreign key ("user_id") 
       references "User"
Hibernate: 
    alter table if exists "posts" 
       add constraint "FK6mfa8srjbxg5o07iky7kta1vi" 
       foreign key ("user_id") 
       references "User"
2025-05-06T17:05:13.225+05:30  INFO 11356 --- [           main] com.yummly.web.WebApplicationTests       : Started WebApplicationTests in 8.256 seconds (process running for 9.262)
Upload directory property value: ./uploads
Directory exists!
Absolute path: C:\Users\lasit\OneDrive\Documents\IDEs\VS Code\Paff-Yummly-App\backend\.\uploads
Contents:
- 98bdb1b0-7843-4fea-8ea1-2c3910843dff_OIP.jpeg
]]></system-out>
    <system-err><![CDATA[WARNING: A Java agent has been loaded dynamically (C:\Users\lasit\.m2\repository\net\bytebuddy\byte-buddy-agent\1.14.10\byte-buddy-agent-1.14.10.jar)
WARNING: If a serviceability tool is in use, please run with -XX:+EnableDynamicAgentLoading to hide this warning
WARNING: If a serviceability tool is not in use, please run with -Djdk.instrument.traceUsage for more information
WARNING: Dynamic loading of agents will be disallowed by default in a future release
]]></system-err>
  </testcase>
</testsuite>